<?xml version="1.0" encoding="UTF-8"?>
<!-- Generated by org.testng.reporters.JUnitXMLReporter -->
<testsuite ignored="0" hostname="DESKTOP-1UR5ED5" failures="0" tests="5" name="Default test" time="13.172" errors="0" timestamp="2024-09-03T19:22:07 IST">
  <testcase classname="com.codilitytestcases.arrpage.ARRTestCases" name="testNoResultsFeedbackTestCase4" time="0.198"/>
  <testcase classname="com.codilitytestcases.arrpage.ARRTestCases" name="testQueryInputAndSubmitButtonPresenceTestCase1" time="0.057"/>
  <testcase classname="com.codilitytestcases.arrpage.ARRTestCases" name="testSearchReturnsAtLeastOneIslandTestCase3" time="0.384"/>
  <testcase classname="com.codilitytestcases.arrpage.ARRTestCases" name="testSearchReturnsCorrectResultForPortTestCase5" time="0.333"/>
  <testcase classname="com.codilitytestcases.arrpage.ARRTestCases" name="testSearchWithEmptyQueryTestCase2" time="0.123"/>
</testsuite> <!-- Default test -->
